  soft_nms.cpp
C:\Users\lenovo\source\repos\Soft_NMS\Soft_NMS\soft_nms.cpp(19,1): warning C4005: “MAX”: 宏重定义
D:\opencv\build\include\opencv2\core\cvdef.h(489): message : 参见“MAX”的前一个定义
C:\Users\lenovo\source\repos\Soft_NMS\Soft_NMS\soft_nms.cpp(20,1): warning C4005: “MIN”: 宏重定义
D:\opencv\build\include\opencv2\core\cvdef.h(485): message : 参见“MIN”的前一个定义
C:\Users\lenovo\source\repos\Soft_NMS\Soft_NMS\soft_nms.cpp(247,20): warning C4267: “=”: 从“size_t”转换到“int”，可能丢失数据
C:\Users\lenovo\source\repos\Soft_NMS\Soft_NMS\soft_nms.cpp(256,21): warning C4244: “=”: 从“double”转换到“float”，可能丢失数据
C:\Users\lenovo\source\repos\Soft_NMS\Soft_NMS\soft_nms.cpp(259,21): warning C4244: “=”: 从“double”转换到“float”，可能丢失数据
C:\Users\lenovo\source\repos\Soft_NMS\Soft_NMS\soft_nms.cpp(262,21): warning C4244: “=”: 从“double”转换到“float”，可能丢失数据
C:\Users\lenovo\source\repos\Soft_NMS\Soft_NMS\soft_nms.cpp(265,21): warning C4244: “=”: 从“double”转换到“float”，可能丢失数据
C:\Users\lenovo\source\repos\Soft_NMS\Soft_NMS\soft_nms.cpp(268,22): warning C4244: “=”: 从“double”转换到“float”，可能丢失数据
C:\Users\lenovo\source\repos\Soft_NMS\Soft_NMS\soft_nms.cpp(291,20): warning C4267: “=”: 从“size_t”转换到“int”，可能丢失数据
C:\Users\lenovo\source\repos\Soft_NMS\Soft_NMS\soft_nms.cpp(299,21): warning C4244: “=”: 从“double”转换到“float”，可能丢失数据
C:\Users\lenovo\source\repos\Soft_NMS\Soft_NMS\soft_nms.cpp(302,21): warning C4244: “=”: 从“double”转换到“float”，可能丢失数据
C:\Users\lenovo\source\repos\Soft_NMS\Soft_NMS\soft_nms.cpp(305,21): warning C4244: “=”: 从“double”转换到“float”，可能丢失数据
C:\Users\lenovo\source\repos\Soft_NMS\Soft_NMS\soft_nms.cpp(308,21): warning C4244: “=”: 从“double”转换到“float”，可能丢失数据
C:\Users\lenovo\source\repos\Soft_NMS\Soft_NMS\soft_nms.cpp(311,22): warning C4244: “=”: 从“double”转换到“float”，可能丢失数据
C:\Users\lenovo\source\repos\Soft_NMS\Soft_NMS\soft_nms.cpp(334,46): warning C4244: “参数”: 从“float”转换到“_Tp”，可能丢失数据
          with
          [
              _Tp=int
          ]
C:\Users\lenovo\source\repos\Soft_NMS\Soft_NMS\soft_nms.cpp(334,33): warning C4244: “参数”: 从“float”转换到“_Tp”，可能丢失数据
          with
          [
              _Tp=int
          ]
C:\Users\lenovo\source\repos\Soft_NMS\Soft_NMS\soft_nms.cpp(335,48): warning C4244: “参数”: 从“float”转换到“_Tp”，可能丢失数据
          with
          [
              _Tp=int
          ]
C:\Users\lenovo\source\repos\Soft_NMS\Soft_NMS\soft_nms.cpp(335,35): warning C4244: “参数”: 从“float”转换到“_Tp”，可能丢失数据
          with
          [
              _Tp=int
          ]
C:\Users\lenovo\source\repos\Soft_NMS\Soft_NMS\soft_nms.cpp(350,41): warning C4305: “参数”: 从“double”到“float”截断
C:\Users\lenovo\source\repos\Soft_NMS\Soft_NMS\soft_nms.cpp(367,48): warning C4244: “参数”: 从“float”转换到“_Tp”，可能丢失数据
          with
          [
              _Tp=int
          ]
C:\Users\lenovo\source\repos\Soft_NMS\Soft_NMS\soft_nms.cpp(367,35): warning C4244: “参数”: 从“float”转换到“_Tp”，可能丢失数据
          with
          [
              _Tp=int
          ]
C:\Users\lenovo\source\repos\Soft_NMS\Soft_NMS\soft_nms.cpp(368,48): warning C4244: “参数”: 从“float”转换到“_Tp”，可能丢失数据
          with
          [
              _Tp=int
          ]
C:\Users\lenovo\source\repos\Soft_NMS\Soft_NMS\soft_nms.cpp(368,35): warning C4244: “参数”: 从“float”转换到“_Tp”，可能丢失数据
          with
          [
              _Tp=int
          ]
  Soft_NMS.vcxproj -> C:\Users\lenovo\source\repos\Soft_NMS\x64\Debug\Soft_NMS.exe
